2022-07-22 19:31:38,977 INFO 3966 [egg:logger] init all loggers with options: {"dir":"/Users/shiyici/Desktop/myCode/my-server/logs/staffInfo","encoding":"utf8","env":"local","level":"INFO","consoleLevel":"INFO","disableConsoleAfterReady":false,"outputJSON":false,"buffer":true,"appLogName":"staffInfo-web.log","coreLogName":"egg-web.log","agentLogName":"egg-agent.log","errorLogName":"common-error.log","coreLogger":{"consoleLevel":"WARN"},"allowDebugAtProd":false,"enablePerformanceTimer":false,"type":"application"}
2022-07-22 19:31:38,987 INFO 3966 [egg-multipart] stream mode enable
2022-07-22 19:31:39,008 INFO 3966 [egg-static] starting static serve /public/ -> /Users/shiyici/Desktop/myCode/my-server/app/public
2022-07-22 19:31:39,009 INFO 3966 [egg-security] use csrf middleware
2022-07-22 19:31:39,009 INFO 3966 [egg-security] use methodnoallow middleware
2022-07-22 19:31:39,009 INFO 3966 [egg-security] use noopen middleware
2022-07-22 19:31:39,009 INFO 3966 [egg-security] use nosniff middleware
2022-07-22 19:31:39,009 INFO 3966 [egg-security] use xssProtection middleware
2022-07-22 19:31:39,009 INFO 3966 [egg-security] use xframe middleware
2022-07-22 19:31:39,009 INFO 3966 [egg-security] use dta middleware
2022-07-22 19:31:39,009 INFO 3966 [egg-security] compose 7 middlewares into one security middleware
2022-07-22 19:31:39,012 INFO 3966 [egg:core] dump config after load, 1ms
2022-07-22 19:31:39,018 INFO 3966 [egg-watcher:application] watcher start success
2022-07-22 19:31:39,021 INFO 3966 [egg:core] dump config after ready, 2ms
2022-07-22 19:32:00,436 INFO 3973 [egg:logger] init all loggers with options: {"dir":"/Users/shiyici/Desktop/myCode/my-server/logs/staffInfo","encoding":"utf8","env":"local","level":"INFO","consoleLevel":"INFO","disableConsoleAfterReady":false,"outputJSON":false,"buffer":true,"appLogName":"staffInfo-web.log","coreLogName":"egg-web.log","agentLogName":"egg-agent.log","errorLogName":"common-error.log","coreLogger":{"consoleLevel":"WARN"},"allowDebugAtProd":false,"enablePerformanceTimer":false,"type":"application"}
2022-07-22 19:32:00,446 INFO 3973 [egg-multipart] stream mode enable
2022-07-22 19:32:00,466 INFO 3973 [egg-static] starting static serve /public/ -> /Users/shiyici/Desktop/myCode/my-server/app/public
2022-07-22 19:32:00,467 INFO 3973 [egg-security] use csrf middleware
2022-07-22 19:32:00,467 INFO 3973 [egg-security] use methodnoallow middleware
2022-07-22 19:32:00,467 INFO 3973 [egg-security] use noopen middleware
2022-07-22 19:32:00,468 INFO 3973 [egg-security] use nosniff middleware
2022-07-22 19:32:00,468 INFO 3973 [egg-security] use xssProtection middleware
2022-07-22 19:32:00,468 INFO 3973 [egg-security] use xframe middleware
2022-07-22 19:32:00,468 INFO 3973 [egg-security] use dta middleware
2022-07-22 19:32:00,468 INFO 3973 [egg-security] compose 7 middlewares into one security middleware
2022-07-22 19:32:00,471 INFO 3973 [egg:core] dump config after load, 2ms
2022-07-22 19:32:00,476 INFO 3973 [egg-watcher:application] watcher start success
2022-07-22 19:32:00,478 INFO 3973 [egg:core] dump config after ready, 2ms
2022-07-22 19:51:19,578 WARN 3973 [TCPBase] socket is closed by other side while there were still unhandled data in the socket buffer
2022-07-22 19:51:19,578 WARN 3973 [ClusterClient:Watcher] follower closed, and try to init it again
2022-07-23 12:24:05,256 INFO 8920 [egg:logger] init all loggers with options: {"dir":"/Users/shiyici/Desktop/myCode/my-server/logs/staffInfo","encoding":"utf8","env":"local","level":"INFO","consoleLevel":"INFO","disableConsoleAfterReady":false,"outputJSON":false,"buffer":true,"appLogName":"staffInfo-web.log","coreLogName":"egg-web.log","agentLogName":"egg-agent.log","errorLogName":"common-error.log","coreLogger":{"consoleLevel":"WARN"},"allowDebugAtProd":false,"enablePerformanceTimer":false,"type":"application"}
2022-07-23 12:24:05,266 INFO 8920 [egg-multipart] stream mode enable
2022-07-23 12:24:05,296 INFO 8920 [egg-static] starting static serve /public/ -> /Users/shiyici/Desktop/myCode/my-server/app/public
2022-07-23 12:24:05,297 INFO 8920 [egg-security] use csrf middleware
2022-07-23 12:24:05,297 INFO 8920 [egg-security] use methodnoallow middleware
2022-07-23 12:24:05,297 INFO 8920 [egg-security] use noopen middleware
2022-07-23 12:24:05,297 INFO 8920 [egg-security] use nosniff middleware
2022-07-23 12:24:05,298 INFO 8920 [egg-security] use xssProtection middleware
2022-07-23 12:24:05,298 INFO 8920 [egg-security] use xframe middleware
2022-07-23 12:24:05,298 INFO 8920 [egg-security] use dta middleware
2022-07-23 12:24:05,298 INFO 8920 [egg-security] compose 7 middlewares into one security middleware
2022-07-23 12:24:05,301 INFO 8920 [egg:core] dump config after load, 2ms
2022-07-23 12:24:05,308 INFO 8920 [egg-watcher:application] watcher start success
2022-07-23 12:24:05,311 INFO 8920 [egg:core] dump config after ready, 2ms
2022-07-23 12:27:18,461 INFO 9033 [egg:logger] init all loggers with options: {"dir":"/Users/shiyici/Desktop/myCode/my-server/logs/staffInfo","encoding":"utf8","env":"local","level":"INFO","consoleLevel":"INFO","disableConsoleAfterReady":false,"outputJSON":false,"buffer":true,"appLogName":"staffInfo-web.log","coreLogName":"egg-web.log","agentLogName":"egg-agent.log","errorLogName":"common-error.log","coreLogger":{"consoleLevel":"WARN"},"allowDebugAtProd":false,"enablePerformanceTimer":false,"type":"application"}
2022-07-23 12:27:18,471 INFO 9033 [egg-multipart] stream mode enable
2022-07-23 12:27:18,491 INFO 9033 [egg-static] starting static serve /public/ -> /Users/shiyici/Desktop/myCode/my-server/app/public
2022-07-23 12:27:18,492 INFO 9033 [egg-security] use csrf middleware
2022-07-23 12:27:18,492 INFO 9033 [egg-security] use methodnoallow middleware
2022-07-23 12:27:18,492 INFO 9033 [egg-security] use noopen middleware
2022-07-23 12:27:18,492 INFO 9033 [egg-security] use nosniff middleware
2022-07-23 12:27:18,493 INFO 9033 [egg-security] use xssProtection middleware
2022-07-23 12:27:18,493 INFO 9033 [egg-security] use xframe middleware
2022-07-23 12:27:18,493 INFO 9033 [egg-security] use dta middleware
2022-07-23 12:27:18,493 INFO 9033 [egg-security] compose 7 middlewares into one security middleware
2022-07-23 12:27:18,496 INFO 9033 [egg:core] dump config after load, 2ms
2022-07-23 12:27:18,502 INFO 9033 [egg-watcher:application] watcher start success
2022-07-23 12:27:18,505 INFO 9033 [egg:core] dump config after ready, 2ms
2022-07-23 12:27:29,871 INFO 9046 [egg:logger] init all loggers with options: {"dir":"/Users/shiyici/Desktop/myCode/my-server/logs/staffInfo","encoding":"utf8","env":"local","level":"INFO","consoleLevel":"INFO","disableConsoleAfterReady":false,"outputJSON":false,"buffer":true,"appLogName":"staffInfo-web.log","coreLogName":"egg-web.log","agentLogName":"egg-agent.log","errorLogName":"common-error.log","coreLogger":{"consoleLevel":"WARN"},"allowDebugAtProd":false,"enablePerformanceTimer":false,"type":"application"}
2022-07-23 12:27:29,881 INFO 9046 [egg-multipart] stream mode enable
2022-07-23 12:27:29,902 INFO 9046 [egg-static] starting static serve /public/ -> /Users/shiyici/Desktop/myCode/my-server/app/public
2022-07-23 12:27:29,902 INFO 9046 [egg-security] use csrf middleware
2022-07-23 12:27:29,902 INFO 9046 [egg-security] use methodnoallow middleware
2022-07-23 12:27:29,903 INFO 9046 [egg-security] use noopen middleware
2022-07-23 12:27:29,903 INFO 9046 [egg-security] use nosniff middleware
2022-07-23 12:27:29,903 INFO 9046 [egg-security] use xssProtection middleware
2022-07-23 12:27:29,903 INFO 9046 [egg-security] use xframe middleware
2022-07-23 12:27:29,903 INFO 9046 [egg-security] use dta middleware
2022-07-23 12:27:29,903 INFO 9046 [egg-security] compose 7 middlewares into one security middleware
2022-07-23 12:27:29,906 INFO 9046 [egg:core] dump config after load, 2ms
2022-07-23 12:27:29,912 INFO 9046 [egg-watcher:application] watcher start success
2022-07-23 12:27:29,915 INFO 9046 [egg:core] dump config after ready, 2ms
2022-07-23 12:28:21,507 INFO 9090 [egg:logger] init all loggers with options: {"dir":"/Users/shiyici/Desktop/myCode/my-server/logs/staffInfo","encoding":"utf8","env":"local","level":"INFO","consoleLevel":"INFO","disableConsoleAfterReady":false,"outputJSON":false,"buffer":true,"appLogName":"staffInfo-web.log","coreLogName":"egg-web.log","agentLogName":"egg-agent.log","errorLogName":"common-error.log","coreLogger":{"consoleLevel":"WARN"},"allowDebugAtProd":false,"enablePerformanceTimer":false,"type":"application"}
2022-07-23 12:28:21,517 INFO 9090 [egg-multipart] stream mode enable
2022-07-23 12:28:21,536 INFO 9090 [egg-static] starting static serve /public/ -> /Users/shiyici/Desktop/myCode/my-server/app/public
2022-07-23 12:28:21,537 INFO 9090 [egg-security] use csrf middleware
2022-07-23 12:28:21,537 INFO 9090 [egg-security] use methodnoallow middleware
2022-07-23 12:28:21,537 INFO 9090 [egg-security] use noopen middleware
2022-07-23 12:28:21,537 INFO 9090 [egg-security] use nosniff middleware
2022-07-23 12:28:21,537 INFO 9090 [egg-security] use xssProtection middleware
2022-07-23 12:28:21,538 INFO 9090 [egg-security] use xframe middleware
2022-07-23 12:28:21,538 INFO 9090 [egg-security] use dta middleware
2022-07-23 12:28:21,538 INFO 9090 [egg-security] compose 7 middlewares into one security middleware
2022-07-23 12:28:21,541 INFO 9090 [egg:core] dump config after load, 2ms
2022-07-23 12:28:21,546 INFO 9090 [egg-watcher:application] watcher start success
2022-07-23 12:28:21,549 INFO 9090 [egg:core] dump config after ready, 2ms
2022-07-23 12:29:05,570 INFO 9132 [egg:logger] init all loggers with options: {"dir":"/Users/shiyici/Desktop/myCode/my-server/logs/staffInfo","encoding":"utf8","env":"local","level":"INFO","consoleLevel":"INFO","disableConsoleAfterReady":false,"outputJSON":false,"buffer":true,"appLogName":"staffInfo-web.log","coreLogName":"egg-web.log","agentLogName":"egg-agent.log","errorLogName":"common-error.log","coreLogger":{"consoleLevel":"WARN"},"allowDebugAtProd":false,"enablePerformanceTimer":false,"type":"application"}
2022-07-23 12:29:05,579 INFO 9132 [egg-multipart] stream mode enable
2022-07-23 12:29:05,601 INFO 9132 [egg-static] starting static serve /public/ -> /Users/shiyici/Desktop/myCode/my-server/app/public
2022-07-23 12:29:05,601 INFO 9132 [egg-security] use csrf middleware
2022-07-23 12:29:05,601 INFO 9132 [egg-security] use methodnoallow middleware
2022-07-23 12:29:05,602 INFO 9132 [egg-security] use noopen middleware
2022-07-23 12:29:05,602 INFO 9132 [egg-security] use nosniff middleware
2022-07-23 12:29:05,602 INFO 9132 [egg-security] use xssProtection middleware
2022-07-23 12:29:05,602 INFO 9132 [egg-security] use xframe middleware
2022-07-23 12:29:05,602 INFO 9132 [egg-security] use dta middleware
2022-07-23 12:29:05,602 INFO 9132 [egg-security] compose 7 middlewares into one security middleware
2022-07-23 12:29:05,606 INFO 9132 [egg:core] dump config after load, 3ms
2022-07-23 12:29:05,611 INFO 9132 [egg-watcher:application] watcher start success
2022-07-23 12:29:05,614 INFO 9132 [egg:core] dump config after ready, 2ms
2022-07-23 12:30:00,249 INFO 9169 [egg:logger] init all loggers with options: {"dir":"/Users/shiyici/Desktop/myCode/my-server/logs/staffInfo","encoding":"utf8","env":"local","level":"INFO","consoleLevel":"INFO","disableConsoleAfterReady":false,"outputJSON":false,"buffer":true,"appLogName":"staffInfo-web.log","coreLogName":"egg-web.log","agentLogName":"egg-agent.log","errorLogName":"common-error.log","coreLogger":{"consoleLevel":"WARN"},"allowDebugAtProd":false,"enablePerformanceTimer":false,"type":"application"}
2022-07-23 12:30:00,260 INFO 9169 [egg-multipart] stream mode enable
2022-07-23 12:30:00,281 INFO 9169 [egg-static] starting static serve /public/ -> /Users/shiyici/Desktop/myCode/my-server/app/public
2022-07-23 12:30:00,282 INFO 9169 [egg-security] use csrf middleware
2022-07-23 12:30:00,282 INFO 9169 [egg-security] use methodnoallow middleware
2022-07-23 12:30:00,282 INFO 9169 [egg-security] use noopen middleware
2022-07-23 12:30:00,282 INFO 9169 [egg-security] use nosniff middleware
2022-07-23 12:30:00,282 INFO 9169 [egg-security] use xssProtection middleware
2022-07-23 12:30:00,282 INFO 9169 [egg-security] use xframe middleware
2022-07-23 12:30:00,282 INFO 9169 [egg-security] use dta middleware
2022-07-23 12:30:00,282 INFO 9169 [egg-security] compose 7 middlewares into one security middleware
2022-07-23 12:30:00,286 INFO 9169 [egg:core] dump config after load, 2ms
2022-07-23 12:30:00,292 INFO 9169 [egg-watcher:application] watcher start success
2022-07-23 12:30:00,294 INFO 9169 [egg:core] dump config after ready, 2ms
2022-07-23 12:30:25,784 INFO 9182 [egg:logger] init all loggers with options: {"dir":"/Users/shiyici/Desktop/myCode/my-server/logs/staffInfo","encoding":"utf8","env":"local","level":"INFO","consoleLevel":"INFO","disableConsoleAfterReady":false,"outputJSON":false,"buffer":true,"appLogName":"staffInfo-web.log","coreLogName":"egg-web.log","agentLogName":"egg-agent.log","errorLogName":"common-error.log","coreLogger":{"consoleLevel":"WARN"},"allowDebugAtProd":false,"enablePerformanceTimer":false,"type":"application"}
2022-07-23 12:30:25,792 INFO 9182 [egg-multipart] stream mode enable
2022-07-23 12:30:25,812 INFO 9182 [egg-static] starting static serve /public/ -> /Users/shiyici/Desktop/myCode/my-server/app/public
2022-07-23 12:30:25,812 INFO 9182 [egg-security] use csrf middleware
2022-07-23 12:30:25,813 INFO 9182 [egg-security] use methodnoallow middleware
2022-07-23 12:30:25,813 INFO 9182 [egg-security] use noopen middleware
2022-07-23 12:30:25,813 INFO 9182 [egg-security] use nosniff middleware
2022-07-23 12:30:25,813 INFO 9182 [egg-security] use xssProtection middleware
2022-07-23 12:30:25,813 INFO 9182 [egg-security] use xframe middleware
2022-07-23 12:30:25,813 INFO 9182 [egg-security] use dta middleware
2022-07-23 12:30:25,813 INFO 9182 [egg-security] compose 7 middlewares into one security middleware
2022-07-23 12:30:25,817 INFO 9182 [egg:core] dump config after load, 1ms
2022-07-23 12:30:25,822 INFO 9182 [egg-watcher:application] watcher start success
2022-07-23 12:30:25,825 INFO 9182 [egg:core] dump config after ready, 2ms
2022-07-23 12:34:58,377 WARN 9182 [ClusterClient:Watcher] follower closed, and try to init it again
2022-07-23 12:53:29,061 WARN 9182 [TCPBase] socket is closed by other side while there were still unhandled data in the socket buffer
2022-07-23 12:53:29,061 WARN 9182 [ClusterClient:Watcher] follower closed, and try to init it again
2022-07-23 12:58:54,350 WARN 9182 [TCPBase] socket is closed by other side while there were still unhandled data in the socket buffer
2022-07-23 12:58:54,351 WARN 9182 [ClusterClient:Watcher] follower closed, and try to init it again
2022-07-23 13:14:40,223 WARN 9182 [ClusterClient:Watcher] follower closed, and try to init it again
2022-07-23 13:46:38,118 WARN 9182 [TCPBase] socket is closed by other side while there were still unhandled data in the socket buffer
2022-07-23 13:46:38,119 WARN 9182 [ClusterClient:Watcher] follower closed, and try to init it again
2022-07-23 14:18:50,168 WARN 9182 [TCPBase] socket is closed by other side while there were still unhandled data in the socket buffer
2022-07-23 14:18:50,169 WARN 9182 [ClusterClient:Watcher] follower closed, and try to init it again
2022-07-23 14:52:10,561 WARN 9182 [TCPBase] socket is closed by other side while there were still unhandled data in the socket buffer
2022-07-23 14:52:10,561 WARN 9182 [ClusterClient:Watcher] follower closed, and try to init it again
2022-07-23 15:23:57,146 WARN 9182 [TCPBase] socket is closed by other side while there were still unhandled data in the socket buffer
2022-07-23 15:23:57,146 WARN 9182 [ClusterClient:Watcher] follower closed, and try to init it again
2022-07-23 15:45:29,429 WARN 9182 [TCPBase] socket is closed by other side while there were still unhandled data in the socket buffer
2022-07-23 15:45:29,430 WARN 9182 [ClusterClient:Watcher] follower closed, and try to init it again
2022-07-23 15:58:52,573 INFO 10015 [egg:logger] init all loggers with options: {"dir":"/Users/shiyici/Desktop/myCode/my-server/logs/staffInfo","encoding":"utf8","env":"local","level":"INFO","consoleLevel":"INFO","disableConsoleAfterReady":false,"outputJSON":false,"buffer":true,"appLogName":"staffInfo-web.log","coreLogName":"egg-web.log","agentLogName":"egg-agent.log","errorLogName":"common-error.log","coreLogger":{"consoleLevel":"WARN"},"allowDebugAtProd":false,"enablePerformanceTimer":false,"type":"application"}
2022-07-23 15:58:52,582 INFO 10015 [egg-multipart] stream mode enable
2022-07-23 15:58:52,603 INFO 10015 [egg-static] starting static serve /public/ -> /Users/shiyici/Desktop/myCode/my-server/app/public
2022-07-23 15:58:52,603 INFO 10015 [egg-security] use csrf middleware
2022-07-23 15:58:52,604 INFO 10015 [egg-security] use methodnoallow middleware
2022-07-23 15:58:52,604 INFO 10015 [egg-security] use noopen middleware
2022-07-23 15:58:52,604 INFO 10015 [egg-security] use nosniff middleware
2022-07-23 15:58:52,604 INFO 10015 [egg-security] use xssProtection middleware
2022-07-23 15:58:52,604 INFO 10015 [egg-security] use xframe middleware
2022-07-23 15:58:52,605 INFO 10015 [egg-security] use dta middleware
2022-07-23 15:58:52,605 INFO 10015 [egg-security] compose 7 middlewares into one security middleware
2022-07-23 15:58:52,608 INFO 10015 [egg:core] dump config after load, 2ms
2022-07-23 15:58:52,612 INFO 10015 [egg-watcher:application] watcher start success
2022-07-23 15:58:52,615 INFO 10015 [egg:core] dump config after ready, 2ms
2022-07-23 16:28:55,095 WARN 10015 [ClusterClient:Watcher] follower closed, and try to init it again
2022-07-23 16:42:08,513 WARN 10015 [ClusterClient:Watcher] follower closed, and try to init it again
2022-07-23 16:58:07,162 WARN 10015 [TCPBase] socket is closed by other side while there were still unhandled data in the socket buffer
2022-07-23 16:58:07,162 WARN 10015 [ClusterClient:Watcher] follower closed, and try to init it again
2022-07-23 17:48:04,534 WARN 10015 [TCPBase] socket is closed by other side while there were still unhandled data in the socket buffer
2022-07-23 17:48:04,534 WARN 10015 [ClusterClient:Watcher] follower closed, and try to init it again
2022-07-23 18:03:33,015 WARN 10015 [TCPBase] socket is closed by other side while there were still unhandled data in the socket buffer
2022-07-23 18:03:33,016 WARN 10015 [ClusterClient:Watcher] follower closed, and try to init it again
2022-07-23 18:19:53,002 WARN 10015 [TCPBase] socket is closed by other side while there were still unhandled data in the socket buffer
2022-07-23 18:19:53,002 WARN 10015 [ClusterClient:Watcher] follower closed, and try to init it again
2022-07-23 18:37:16,135 WARN 10015 [TCPBase] socket is closed by other side while there were still unhandled data in the socket buffer
2022-07-23 18:37:16,135 WARN 10015 [ClusterClient:Watcher] follower closed, and try to init it again
2022-07-23 18:54:59,158 WARN 10015 [TCPBase] socket is closed by other side while there were still unhandled data in the socket buffer
2022-07-23 18:54:59,158 WARN 10015 [ClusterClient:Watcher] follower closed, and try to init it again
2022-07-23 19:11:31,167 WARN 10015 [TCPBase] socket is closed by other side while there were still unhandled data in the socket buffer
2022-07-23 19:11:31,167 WARN 10015 [ClusterClient:Watcher] follower closed, and try to init it again
2022-07-23 19:29:15,171 WARN 10015 [TCPBase] socket is closed by other side while there were still unhandled data in the socket buffer
2022-07-23 19:29:15,171 WARN 10015 [ClusterClient:Watcher] follower closed, and try to init it again
2022-07-23 19:46:22,184 WARN 10015 [TCPBase] socket is closed by other side while there were still unhandled data in the socket buffer
2022-07-23 19:46:22,184 WARN 10015 [ClusterClient:Watcher] follower closed, and try to init it again
2022-07-23 20:02:21,198 WARN 10015 [TCPBase] socket is closed by other side while there were still unhandled data in the socket buffer
2022-07-23 20:02:21,198 WARN 10015 [ClusterClient:Watcher] follower closed, and try to init it again
2022-07-23 20:18:37,209 WARN 10015 [TCPBase] socket is closed by other side while there were still unhandled data in the socket buffer
2022-07-23 20:18:37,210 WARN 10015 [ClusterClient:Watcher] follower closed, and try to init it again
2022-07-23 20:34:05,233 WARN 10015 [TCPBase] socket is closed by other side while there were still unhandled data in the socket buffer
2022-07-23 20:34:05,233 WARN 10015 [ClusterClient:Watcher] follower closed, and try to init it again
2022-07-23 20:52:07,220 WARN 10015 [TCPBase] socket is closed by other side while there were still unhandled data in the socket buffer
2022-07-23 20:52:07,220 WARN 10015 [ClusterClient:Watcher] follower closed, and try to init it again
2022-07-23 21:08:45,211 WARN 10015 [TCPBase] socket is closed by other side while there were still unhandled data in the socket buffer
2022-07-23 21:08:45,211 WARN 10015 [ClusterClient:Watcher] follower closed, and try to init it again
2022-07-23 21:24:18,211 WARN 10015 [TCPBase] socket is closed by other side while there were still unhandled data in the socket buffer
2022-07-23 21:24:18,211 WARN 10015 [ClusterClient:Watcher] follower closed, and try to init it again
2022-07-23 21:41:33,223 WARN 10015 [TCPBase] socket is closed by other side while there were still unhandled data in the socket buffer
2022-07-23 21:41:33,223 WARN 10015 [ClusterClient:Watcher] follower closed, and try to init it again
2022-07-23 21:56:38,237 WARN 10015 [TCPBase] socket is closed by other side while there were still unhandled data in the socket buffer
2022-07-23 21:56:38,237 WARN 10015 [ClusterClient:Watcher] follower closed, and try to init it again
2022-07-23 22:13:21,255 WARN 10015 [ClusterClient:Watcher] follower closed, and try to init it again
2022-07-23 22:28:45,261 WARN 10015 [TCPBase] socket is closed by other side while there were still unhandled data in the socket buffer
2022-07-23 22:28:45,261 WARN 10015 [ClusterClient:Watcher] follower closed, and try to init it again
2022-07-23 22:44:22,259 WARN 10015 [ClusterClient:Watcher] follower closed, and try to init it again
2022-07-23 22:59:36,183 WARN 10015 [TCPBase] socket is closed by other side while there were still unhandled data in the socket buffer
2022-07-23 22:59:36,183 WARN 10015 [ClusterClient:Watcher] follower closed, and try to init it again
2022-07-23 23:07:59,937 WARN 10015 [TCPBase] socket is closed by other side while there were still unhandled data in the socket buffer
2022-07-23 23:07:59,938 WARN 10015 [ClusterClient:Watcher] follower closed, and try to init it again
2022-07-24 07:17:03,335 INFO 1114 [egg:logger] init all loggers with options: {"dir":"/Users/shiyici/Desktop/myCode/my-server/logs/staffInfo","encoding":"utf8","env":"local","level":"INFO","consoleLevel":"INFO","disableConsoleAfterReady":false,"outputJSON":false,"buffer":true,"appLogName":"staffInfo-web.log","coreLogName":"egg-web.log","agentLogName":"egg-agent.log","errorLogName":"common-error.log","coreLogger":{"consoleLevel":"WARN"},"allowDebugAtProd":false,"enablePerformanceTimer":false,"type":"application"}
2022-07-24 07:17:03,344 INFO 1114 [egg-multipart] stream mode enable
2022-07-24 07:17:03,379 INFO 1114 [egg-static] starting static serve /public/ -> /Users/shiyici/Desktop/myCode/my-server/app/public
2022-07-24 07:17:03,380 INFO 1114 [egg-security] use csrf middleware
2022-07-24 07:17:03,380 INFO 1114 [egg-security] use methodnoallow middleware
2022-07-24 07:17:03,380 INFO 1114 [egg-security] use noopen middleware
2022-07-24 07:17:03,380 INFO 1114 [egg-security] use nosniff middleware
2022-07-24 07:17:03,380 INFO 1114 [egg-security] use xssProtection middleware
2022-07-24 07:17:03,381 INFO 1114 [egg-security] use xframe middleware
2022-07-24 07:17:03,381 INFO 1114 [egg-security] use dta middleware
2022-07-24 07:17:03,381 INFO 1114 [egg-security] compose 7 middlewares into one security middleware
2022-07-24 07:17:03,385 INFO 1114 [egg:core] dump config after load, 2ms
2022-07-24 07:17:03,390 INFO 1114 [egg-watcher:application] watcher start success
2022-07-24 07:17:03,393 INFO 1114 [egg:core] dump config after ready, 2ms
